<?xml version="1.0" encoding="UTF-8"?>
<!-- Generated by org.testng.reporters.JUnitReportReporter -->
<testsuite skipped="1" hostname="LAPTOP-PPS" name="testCases.ValidLoginPageTest" tests="4" failures="0" timestamp="22 Mar 2022 11:12:11 GMT" time="27.096" errors="0">
  <testcase name="t4" time="4.104" classname="testCases.ValidLoginPageTest"/>
  <testcase name="t2" time="8.758" classname="testCases.ValidLoginPageTest"/>
  <testcase name="t1" time="14.234" classname="testCases.ValidLoginPageTest"/>
  <testcase name="t3" classname="testCases.ValidLoginPageTest">
    <skipped/>
  </testcase> <!-- t3 -->
</testsuite> <!-- testCases.ValidLoginPageTest -->
