<?xml version="1.0" encoding="UTF-8"?>
<!-- Generated by org.testng.reporters.JUnitReportReporter -->
<testsuite skipped="0" hostname="LAPTOP-PPS" name="testCases.NewCustomerTest" tests="2" failures="0" timestamp="22 Mar 2022 11:12:11 GMT" time="97.895" errors="0">
  <testcase name="addNewCustomerTest" time="51.117" classname="testCases.NewCustomerTest"/>
  <testcase name="addNewCustomerTest" time="46.778" classname="testCases.NewCustomerTest"/>
</testsuite> <!-- testCases.NewCustomerTest -->
