<?xml version="1.0" encoding="UTF-8"?>
<!-- Generated by org.testng.reporters.JUnitReportReporter -->
<testsuite skipped="1" hostname="LAPTOP-PPS" name="testCases.ValidLoginPageTest" tests="4" failures="0" timestamp="02 Jan 2022 18:45:25 GMT" time="11.672" errors="0">
  <testcase name="t4" time="3.600" classname="testCases.ValidLoginPageTest"/>
  <testcase name="t2" time="0.708" classname="testCases.ValidLoginPageTest"/>
  <testcase name="t1" time="7.364" classname="testCases.ValidLoginPageTest"/>
  <testcase name="t3" classname="testCases.ValidLoginPageTest">
    <skipped/>
  </testcase> <!-- t3 -->
</testsuite> <!-- testCases.ValidLoginPageTest -->
