<?xml version="1.0" encoding="UTF-8"?>
<!-- Generated by org.testng.reporters.JUnitReportReporter -->
<testsuite skipped="1" hostname="LAPTOP-PPS" name="PracTest" tests="4" failures="0" timestamp="12 Dec 2021 19:25:20 GMT" time="8.723" errors="0">
  <testcase name="t1" time="5.607" classname="PracTest"/>
  <testcase name="t4" time="2.908" classname="PracTest"/>
  <testcase name="t2" time="0.208" classname="PracTest"/>
  <testcase name="t3" classname="PracTest">
    <skipped/>
  </testcase> <!-- t3 -->
</testsuite> <!-- PracTest -->
