<?xml version="1.0" encoding="UTF-8"?>
<!-- Generated by org.testng.reporters.JUnitReportReporter -->
<testsuite skipped="0" hostname="LAPTOP-PPS" name="testCases.HomePageTest" tests="2" failures="0" timestamp="14 Sep 2022 22:10:56 GMT" time="21.962" errors="0">
  <testcase name="idTest" time="0.048" classname="testCases.HomePageTest"/>
  <testcase name="homeTitleTest" time="21.914" classname="testCases.HomePageTest"/>
</testsuite> <!-- testCases.HomePageTest -->
