<?xml version="1.0" encoding="UTF-8"?>
<!-- Generated by org.testng.reporters.JUnitReportReporter -->
<testsuite skipped="1" hostname="LAPTOP-PPS" name="testCases.ValidLoginPageTest" tests="4" failures="0" timestamp="12 May 2022 06:53:13 GMT" time="5.294" errors="0">
  <testcase name="t2" time="0.645" classname="testCases.ValidLoginPageTest"/>
  <testcase name="t4" time="2.392" classname="testCases.ValidLoginPageTest"/>
  <testcase name="t1" time="2.257" classname="testCases.ValidLoginPageTest"/>
  <testcase name="t3" classname="testCases.ValidLoginPageTest">
    <skipped/>
  </testcase> <!-- t3 -->
</testsuite> <!-- testCases.ValidLoginPageTest -->
