<?xml version="1.0" encoding="UTF-8"?>
<!-- Generated by org.testng.reporters.JUnitReportReporter -->
<testsuite skipped="0" hostname="LAPTOP-PPS" name="testCases.HomePageTest" tests="2" failures="0" timestamp="12 Jan 2022 12:54:54 GMT" time="0.062" errors="0">
  <testcase name="idTest" time="0.050" classname="testCases.HomePageTest"/>
  <testcase name="homeTitleTest" time="0.012" classname="testCases.HomePageTest"/>
</testsuite> <!-- testCases.HomePageTest -->
