<?xml version="1.0" encoding="UTF-8"?>
<!-- Generated by org.testng.reporters.JUnitReportReporter -->
<testsuite skipped="1" hostname="LAPTOP-PPS" name="testCases.ValidLoginPageTest" tests="4" failures="0" timestamp="2022-09-16T00:32:31 IST" time="6.673" errors="0">
  <testcase name="t2" time="0.627" classname="testCases.ValidLoginPageTest"/>
  <system-out/>
  <testcase name="t4" time="3.323" classname="testCases.ValidLoginPageTest"/>
  <system-out/>
  <testcase name="t1" time="2.723" classname="testCases.ValidLoginPageTest"/>
  <system-out/>
  <testcase name="t3" classname="testCases.ValidLoginPageTest">
    <skipped/>
  </testcase> <!-- t3 -->
  <system-out/>
</testsuite> <!-- testCases.ValidLoginPageTest -->
