<?xml version="1.0" encoding="UTF-8"?>
<!-- Generated by org.testng.reporters.JUnitReportReporter -->
<testsuite skipped="0" hostname="LAPTOP-PPS" name="testCases.NewTabTest" tests="1" failures="0" timestamp="2022-09-16T01:28:32 IST" time="34.985" errors="0">
  <testcase name="NewTabmethodTest" time="34.985" classname="testCases.NewTabTest"/>
  <system-out/>
</testsuite> <!-- testCases.NewTabTest -->
