<?xml version="1.0" encoding="UTF-8"?>
<!-- Generated by org.testng.reporters.JUnitReportReporter -->
<testsuite skipped="0" hostname="LAPTOP-PPS" name="testCases.NewAccountTest" tests="1" failures="0" timestamp="2022-09-16T01:27:21 IST" time="25.450" errors="0">
  <testcase name="NewAccTest" time="25.450" classname="testCases.NewAccountTest"/>
  <system-out/>
</testsuite> <!-- testCases.NewAccountTest -->
