<?xml version="1.0" encoding="UTF-8"?>
<!-- Generated by org.testng.reporters.JUnitReportReporter -->
<testsuite skipped="0" hostname="LAPTOP-PPS" name="testCases.InvalidLoginPageTest" tests="1" failures="0" timestamp="12 May 2022 06:53:13 GMT" time="2.176" errors="0">
  <testcase name="t1" time="2.176" classname="testCases.InvalidLoginPageTest"/>
</testsuite> <!-- testCases.InvalidLoginPageTest -->
