<?xml version="1.0" encoding="UTF-8"?>
<!-- Generated by org.testng.reporters.JUnitReportReporter -->
<testsuite skipped="0" hostname="LAPTOP-PPS" name="testCases.InvalidLoginPageTest" tests="1" failures="0" timestamp="02 Jan 2022 18:45:25 GMT" time="7.184" errors="0">
  <testcase name="t1" time="7.184" classname="testCases.InvalidLoginPageTest"/>
</testsuite> <!-- testCases.InvalidLoginPageTest -->
