<?xml version="1.0" encoding="UTF-8"?>
<!-- Generated by org.testng.reporters.JUnitReportReporter -->
<testsuite skipped="0" hostname="LAPTOP-PPS" name="testCases.HomePageTest" tests="2" failures="0" timestamp="2022-09-16T02:37:05 IST" time="8.311" errors="0">
  <testcase name="homeTitleTest" time="8.258" classname="testCases.HomePageTest"/>
  <system-out/>
  <testcase name="idTest" time="0.053" classname="testCases.HomePageTest"/>
  <system-out/>
</testsuite> <!-- testCases.HomePageTest -->
