<?xml version="1.0" encoding="UTF-8"?>
<!-- Generated by org.testng.reporters.JUnitReportReporter -->
<testsuite skipped="0" hostname="LAPTOP-PPS" name="testCases.InvalidLoginPageTest" tests="1" failures="0" timestamp="14 Sep 2022 22:10:56 GMT" time="21.910" errors="0">
  <testcase name="t1" time="21.910" classname="testCases.InvalidLoginPageTest"/>
</testsuite> <!-- testCases.InvalidLoginPageTest -->
