<?xml version="1.0" encoding="UTF-8"?>
<!-- Generated by org.testng.reporters.JUnitReportReporter -->
<testsuite skipped="0" hostname="LAPTOP-PPS" name="testCases.InvalidLoginPageTest" tests="1" failures="0" timestamp="14 Sep 2022 20:38:33 GMT" time="21.843" errors="0">
  <testcase name="t1" time="21.843" classname="testCases.InvalidLoginPageTest"/>
</testsuite> <!-- testCases.InvalidLoginPageTest -->
