<?xml version="1.0" encoding="UTF-8"?>
<!-- Generated by org.testng.reporters.JUnitReportReporter -->
<testsuite skipped="1" hostname="LAPTOP-PPS" name="PracTest" tests="4" failures="0" timestamp="09 Dec 2021 06:18:42 GMT" time="8.970" errors="0">
  <testcase name="t1" time="5.769" classname="PracTest"/>
  <testcase name="t2" time="0.219" classname="PracTest"/>
  <testcase name="t4" time="2.982" classname="PracTest"/>
  <testcase name="t3" classname="PracTest">
    <skipped/>
  </testcase> <!-- t3 -->
</testsuite> <!-- PracTest -->
