<?xml version="1.0" encoding="UTF-8"?>
<!-- Generated by org.testng.reporters.JUnitReportReporter -->
<testsuite skipped="0" hostname="LAPTOP-PPS" name="testCases.InvalidLoginPageTest" tests="1" failures="0" timestamp="12 Jan 2022 12:54:54 GMT" time="3.061" errors="0">
  <testcase name="t1" time="3.061" classname="testCases.InvalidLoginPageTest"/>
</testsuite> <!-- testCases.InvalidLoginPageTest -->
