<?xml version="1.0" encoding="UTF-8"?>
<!-- Generated by org.testng.reporters.JUnitReportReporter -->
<testsuite skipped="1" hostname="LAPTOP-PPS" name="testCases.ValidLoginPageTest" tests="4" failures="0" timestamp="2022-09-16T02:37:05 IST" time="23.428" errors="0">
  <testcase name="t1" time="10.759" classname="testCases.ValidLoginPageTest"/>
  <system-out/>
  <testcase name="t2" time="8.752" classname="testCases.ValidLoginPageTest"/>
  <system-out/>
  <testcase name="t4" time="3.917" classname="testCases.ValidLoginPageTest"/>
  <system-out/>
  <testcase name="t3" classname="testCases.ValidLoginPageTest">
    <skipped/>
  </testcase> <!-- t3 -->
  <system-out/>
</testsuite> <!-- testCases.ValidLoginPageTest -->
