<?xml version="1.0" encoding="UTF-8"?>
<!-- Generated by org.testng.reporters.JUnitReportReporter -->
<testsuite skipped="1" hostname="LAPTOP-PPS" name="ValidLoginPageTest" tests="4" failures="0" timestamp="02 Jan 2022 10:08:22 GMT" time="10.580" errors="0">
  <testcase name="t4" time="3.281" classname="ValidLoginPageTest"/>
  <testcase name="t1" time="6.551" classname="ValidLoginPageTest"/>
  <testcase name="t2" time="0.748" classname="ValidLoginPageTest"/>
  <testcase name="t3" classname="ValidLoginPageTest">
    <skipped/>
  </testcase> <!-- t3 -->
</testsuite> <!-- ValidLoginPageTest -->
