<?xml version="1.0" encoding="UTF-8"?>
<!-- Generated by org.testng.reporters.JUnitReportReporter -->
<testsuite skipped="0" hostname="LAPTOP-PPS" name="testCases.NewCustomerTest" tests="2" failures="0" timestamp="12 May 2022 06:53:13 GMT" time="52.343" errors="0">
  <testcase name="addNewCustomerTest" time="25.875" classname="testCases.NewCustomerTest"/>
  <testcase name="addNewCustomerTest" time="26.468" classname="testCases.NewCustomerTest"/>
</testsuite> <!-- testCases.NewCustomerTest -->
