<?xml version="1.0" encoding="UTF-8"?>
<!-- Generated by org.testng.reporters.JUnitReportReporter -->
<testsuite skipped="1" hostname="LAPTOP-PPS" name="PracTest" tests="4" failures="0" timestamp="16 Dec 2021 19:45:01 GMT" time="11.520" errors="0">
  <testcase name="t2" time="0.714" classname="PracTest"/>
  <testcase name="t4" time="2.983" classname="PracTest"/>
  <testcase name="t1" time="7.823" classname="PracTest"/>
  <testcase name="t3" classname="PracTest">
    <skipped/>
  </testcase> <!-- t3 -->
</testsuite> <!-- PracTest -->
