<?xml version="1.0" encoding="UTF-8"?>
<!-- Generated by org.testng.reporters.JUnitReportReporter -->
<testsuite skipped="0" hostname="LAPTOP-PPS" name="pages.NewTab" tests="1" failures="0" timestamp="15 Sep 2022 11:32:01 GMT" time="28.528" errors="0">
  <testcase name="launch" time="28.528" classname="pages.NewTab"/>
</testsuite> <!-- pages.NewTab -->
