<?xml version="1.0" encoding="UTF-8"?>
<!-- Generated by org.testng.reporters.JUnitReportReporter -->
<testsuite skipped="0" hostname="LAPTOP-PPS" name="InvalidLoginPageTest" tests="1" failures="0" timestamp="02 Jan 2022 10:10:56 GMT" time="7.455" errors="0">
  <testcase name="t1" time="7.455" classname="InvalidLoginPageTest"/>
</testsuite> <!-- InvalidLoginPageTest -->
