<?xml version="1.0" encoding="UTF-8"?>
<!-- Generated by org.testng.reporters.JUnitReportReporter -->
<testsuite skipped="1" hostname="LAPTOP-PPS" name="testCases.ValidLoginPageTest" tests="4" failures="0" timestamp="14 Sep 2022 20:38:33 GMT" time="23.670" errors="0">
  <testcase name="t2" time="0.717" classname="testCases.ValidLoginPageTest"/>
  <testcase name="t4" time="3.280" classname="testCases.ValidLoginPageTest"/>
  <testcase name="t1" time="19.673" classname="testCases.ValidLoginPageTest"/>
  <testcase name="t3" classname="testCases.ValidLoginPageTest">
    <skipped/>
  </testcase> <!-- t3 -->
</testsuite> <!-- testCases.ValidLoginPageTest -->
