<?xml version="1.0" encoding="UTF-8"?>
<!-- Generated by org.testng.reporters.JUnitReportReporter -->
<testsuite skipped="0" hostname="LAPTOP-PPS" name="testCases.InvalidLoginPageTest" tests="1" failures="0" timestamp="2022-09-16T02:37:05 IST" time="9.019" errors="0">
  <testcase name="t1" time="9.019" classname="testCases.InvalidLoginPageTest"/>
  <system-out/>
</testsuite> <!-- testCases.InvalidLoginPageTest -->
