<?xml version="1.0" encoding="UTF-8"?>
<!-- Generated by org.testng.reporters.JUnitReportReporter -->
<testsuite hostname="LAPTOP-PPS" failures="0" tests="2" name="testCases.HomePageTest" time="0.048" errors="0" timestamp="14 Mar 2022 13:54:17 GMT" skipped="0">
  <testcase classname="testCases.HomePageTest" name="idTest" time="0.039"/>
  <testcase classname="testCases.HomePageTest" name="homeTitleTest" time="0.009"/>
</testsuite> <!-- testCases.HomePageTest -->
