<?xml version="1.0" encoding="UTF-8"?>
<!-- Generated by org.testng.reporters.JUnitReportReporter -->
<testsuite skipped="1" hostname="LAPTOP-PPS" name="testCases.ValidLoginPageTest" tests="4" failures="0" timestamp="12 Jan 2022 12:54:54 GMT" time="7.928" errors="0">
  <testcase name="t2" time="0.721" classname="testCases.ValidLoginPageTest"/>
  <testcase name="t4" time="3.522" classname="testCases.ValidLoginPageTest"/>
  <testcase name="t1" time="3.685" classname="testCases.ValidLoginPageTest"/>
  <testcase name="t3" classname="testCases.ValidLoginPageTest">
    <skipped/>
  </testcase> <!-- t3 -->
</testsuite> <!-- testCases.ValidLoginPageTest -->
