<?xml version="1.0" encoding="UTF-8"?>
<!-- Generated by org.testng.reporters.JUnitReportReporter -->
<testsuite skipped="0" hostname="LAPTOP-PPS" name="testCases.HomePageTest" tests="2" failures="0" timestamp="22 Mar 2022 11:12:11 GMT" time="7.809" errors="0">
  <testcase name="homeTitleTest" time="7.760" classname="testCases.HomePageTest"/>
  <testcase name="idTest" time="0.049" classname="testCases.HomePageTest"/>
</testsuite> <!-- testCases.HomePageTest -->
