<?xml version="1.0" encoding="UTF-8"?>
<!-- Generated by org.testng.reporters.JUnitReportReporter -->
<testsuite hostname="LAPTOP-PPS" failures="0" tests="4" name="testCases.ValidLoginPageTest" time="4.695" errors="0" timestamp="14 Mar 2022 13:54:17 GMT" skipped="1">
  <testcase classname="testCases.ValidLoginPageTest" name="t4" time="2.227"/>
  <testcase classname="testCases.ValidLoginPageTest" name="t2" time="0.509"/>
  <testcase classname="testCases.ValidLoginPageTest" name="t1" time="1.959"/>
  <testcase classname="testCases.ValidLoginPageTest" name="t3">
    <skipped/>
  </testcase> <!-- t3 -->
</testsuite> <!-- testCases.ValidLoginPageTest -->
